2025-11-21 08:32:01,098 | INFO | MT5 login OK (account 48738521 @ HFMarketsGlobal-Demo)
2025-11-21 08:32:01,098 | INFO | FlippedStrategy init | add=200.00 pips, vol0=0.01, mult=1.10, hard_stop=$10.00, trail=40%
2025-11-21 08:32:09,773 | INFO | Synced existing MT5 basket: 1 legs SELL
2025-11-21 08:32:09,773 | INFO | Flipped XU ML bot ready for XAUUSD timeframe=M1
2025-11-21 08:32:09,774 | INFO | Starting main loop poll=1.0s
2025-11-21 08:32:18,007 | INFO | Closed position 531982881 @ 4043.59000
2025-11-21 08:32:18,007 | INFO | Closed SELL basket (TRAIL_GIVEBACK): size=1 vol=0.01 PnL=$0.71
2025-11-21 08:32:21,009 | INFO | Opened SELL 0.01 @ 4042.49000 ticket=531983560
2025-11-21 08:32:21,010 | INFO | Opened SELL basket @ 4042.49000 vol=0.01
2025-11-21 08:32:21,010 | INFO | [ML ENTRY] SELL p=0.00/1.00
2025-11-21 08:32:23,228 | INFO | Closed position 531983560 @ 4042.91000
2025-11-21 08:32:23,229 | INFO | Closed SELL basket (TRAIL_GIVEBACK): size=1 vol=0.01 PnL=$-0.05
2025-11-21 08:32:24,448 | INFO | Opened SELL 0.01 @ 4042.56000 ticket=531983673
2025-11-21 08:32:24,449 | INFO | Opened SELL basket @ 4042.56000 vol=0.01
2025-11-21 08:32:24,449 | INFO | [ML ENTRY] SELL p=0.00/1.00
2025-11-21 08:41:53,860 | INFO | Closed position 531983673 @ 4042.81000
2025-11-21 08:41:54,050 | INFO | Closed position 532001289 @ 4042.81000
2025-11-21 08:41:54,052 | INFO | Closed SELL basket (TRAIL_GIVEBACK): size=1 vol=0.01 PnL=$0.10
2025-11-21 08:41:55,285 | INFO | Opened SELL 0.01 @ 4042.29000 ticket=532004498
2025-11-21 08:41:55,287 | INFO | Opened SELL basket @ 4042.29000 vol=0.01
2025-11-21 08:41:55,287 | INFO | [ML ENTRY] SELL p=0.00/1.00
2025-11-21 08:42:06,518 | INFO | Closed position 532004498 @ 4042.55000
2025-11-21 08:42:06,520 | INFO | Closed SELL basket (TRAIL_GIVEBACK): size=1 vol=0.01 PnL=$0.09
2025-11-21 08:42:07,745 | INFO | Opened SELL 0.01 @ 4042.20000 ticket=532005594
2025-11-21 08:42:07,747 | INFO | Opened SELL basket @ 4042.20000 vol=0.01
2025-11-21 08:42:07,747 | INFO | [ML ENTRY] SELL p=0.00/1.00
2025-11-21 08:42:10,950 | INFO | Closed position 532005594 @ 4042.95000
2025-11-21 08:42:10,952 | INFO | Closed SELL basket (TRAIL_GIVEBACK): size=1 vol=0.01 PnL=$-0.40
2025-11-21 08:42:12,180 | INFO | Opened SELL 0.01 @ 4042.55000 ticket=532005849
2025-11-21 08:42:12,182 | INFO | Opened SELL basket @ 4042.55000 vol=0.01
2025-11-21 08:42:12,183 | INFO | [ML ENTRY] SELL p=0.00/1.00
2025-11-21 08:42:16,404 | INFO | Closed position 532005849 @ 4042.76000
2025-11-21 08:42:16,406 | INFO | Closed SELL basket (TRAIL_GIVEBACK): size=1 vol=0.01 PnL=$0.16
2025-11-21 08:42:17,642 | INFO | Opened SELL 0.01 @ 4042.11000 ticket=532006085
2025-11-21 08:42:17,644 | INFO | Opened SELL basket @ 4042.11000 vol=0.01
2025-11-21 08:42:17,644 | INFO | [ML ENTRY] SELL p=0.00/1.00
2025-11-21 08:42:32,884 | INFO | Closed position 532006085 @ 4041.99000
2025-11-21 08:42:32,884 | INFO | Closed SELL basket (TRAIL_GIVEBACK): size=1 vol=0.01 PnL=$0.57
2025-11-21 08:42:34,104 | INFO | Opened SELL 0.01 @ 4041.42000 ticket=532007007
2025-11-21 08:42:34,105 | INFO | Opened SELL basket @ 4041.42000 vol=0.01
2025-11-21 08:42:34,105 | INFO | [ML ENTRY] SELL p=0.00/1.00
2025-11-21 08:42:39,311 | INFO | Closed position 532007007 @ 4042.08000
2025-11-21 08:42:39,311 | INFO | Closed SELL basket (TRAIL_GIVEBACK): size=1 vol=0.01 PnL=$-0.31
2025-11-21 08:42:40,533 | INFO | Opened SELL 0.01 @ 4042.19000 ticket=532007359
2025-11-21 08:42:40,534 | INFO | Opened SELL basket @ 4042.19000 vol=0.01
2025-11-21 08:42:40,535 | INFO | [ML ENTRY] SELL p=0.00/1.00
2025-11-21 08:42:45,606 | INFO | Shutdown requested, closing baskets if any...
2025-11-21 08:42:45,795 | INFO | Closed position 532007359 @ 4042.57000
2025-11-21 08:42:45,795 | INFO | MT5 shut down
2025-11-21 08:46:29,629 | INFO | MT5 login OK (account 48738521 @ HFMarketsGlobal-Demo)
2025-11-21 08:46:29,629 | INFO | FlippedStrategy init | add=200.00 pips, vol0=0.01, mult=1.10, hard_stop=$10.00, trail=40%
2025-11-21 08:46:30,913 | INFO | Synced existing MT5 basket: 3 legs SELL
2025-11-21 08:46:30,913 | INFO | Flipped XU ML bot ready for XAUUSD timeframe=M1
2025-11-21 08:46:30,914 | INFO | Starting main loop poll=1.0s
2025-11-21 08:46:31,106 | INFO | Closed position 532008461 @ 4047.19000
2025-11-21 08:46:31,299 | INFO | Closed position 532008473 @ 4047.19000
2025-11-21 08:46:31,489 | INFO | Closed position 532014304 @ 4047.19000
2025-11-21 08:46:31,493 | INFO | Closed SELL basket (HARD_STOP): size=3 vol=0.03 PnL=$-10.10
2025-11-21 08:46:34,284 | INFO | Opened SELL 0.01 @ 4046.68000 ticket=532015617
2025-11-21 08:46:34,284 | INFO | Opened SELL basket @ 4046.68000 vol=0.01
2025-11-21 08:46:34,285 | INFO | [ML ENTRY] SELL p=0.00/1.00
2025-11-21 08:46:38,487 | INFO | Closed position 532015617 @ 4047.16000
2025-11-21 08:46:38,488 | INFO | Closed SELL basket (TRAIL_GIVEBACK): size=1 vol=0.01 PnL=$-0.13
2025-11-21 08:46:39,708 | INFO | Opened SELL 0.01 @ 4046.47000 ticket=532015939
2025-11-21 08:46:39,709 | INFO | Opened SELL basket @ 4046.47000 vol=0.01
2025-11-21 08:46:39,709 | INFO | [ML ENTRY] SELL p=0.00/1.00
2025-11-21 08:46:45,917 | INFO | Closed position 532015939 @ 4046.45000
2025-11-21 08:46:45,917 | INFO | Closed SELL basket (TRAIL_GIVEBACK): size=1 vol=0.01 PnL=$0.37
2025-11-21 08:46:47,139 | INFO | Opened SELL 0.01 @ 4046.08000 ticket=532016430
2025-11-21 08:46:47,139 | INFO | Opened SELL basket @ 4046.08000 vol=0.01
2025-11-21 08:46:47,140 | INFO | [ML ENTRY] SELL p=0.00/1.00
2025-11-21 08:47:30,493 | INFO | Closed position 532016430 @ 4045.41000
2025-11-21 08:47:30,495 | INFO | Closed SELL basket (TRAIL_GIVEBACK): size=1 vol=0.01 PnL=$1.01
2025-11-21 08:47:31,718 | INFO | Opened SELL 0.01 @ 4045.26000 ticket=532018695
2025-11-21 08:47:31,720 | INFO | Opened SELL basket @ 4045.26000 vol=0.01
2025-11-21 08:47:31,721 | INFO | [ML ENTRY] SELL p=0.00/1.00
2025-11-21 08:47:50,975 | INFO | Closed position 532018695 @ 4045.45000
2025-11-21 08:47:50,977 | INFO | Closed SELL basket (TRAIL_GIVEBACK): size=1 vol=0.01 PnL=$0.08
2025-11-21 08:47:52,203 | INFO | Opened SELL 0.01 @ 4044.90000 ticket=532019561
2025-11-21 08:47:52,205 | INFO | Opened SELL basket @ 4044.90000 vol=0.01
2025-11-21 08:47:52,205 | INFO | [ML ENTRY] SELL p=0.00/1.00
2025-11-21 08:47:55,405 | INFO | Closed position 532019561 @ 4045.41000
2025-11-21 08:47:55,407 | INFO | Closed SELL basket (TRAIL_GIVEBACK): size=1 vol=0.01 PnL=$-0.15
2025-11-21 08:47:56,628 | INFO | Opened SELL 0.01 @ 4045.11000 ticket=532019740
2025-11-21 08:47:56,630 | INFO | Opened SELL basket @ 4045.11000 vol=0.01
2025-11-21 08:47:56,630 | INFO | [ML ENTRY] SELL p=0.00/1.00
2025-11-21 08:48:00,838 | INFO | Closed position 532019740 @ 4045.51000
2025-11-21 08:48:01,029 | INFO | Closed position 532019843 @ 4045.51000
2025-11-21 08:48:01,031 | INFO | Closed SELL basket (TRAIL_GIVEBACK): size=1 vol=0.01 PnL=$0.05
2025-11-21 08:48:02,254 | INFO | Opened SELL 0.01 @ 4044.96000 ticket=532019918
2025-11-21 08:48:02,256 | INFO | Opened SELL basket @ 4044.96000 vol=0.01
2025-11-21 08:48:02,256 | INFO | [ML ENTRY] SELL p=0.00/1.00
2025-11-21 08:48:07,461 | INFO | Closed position 532019880 @ 4045.35000
2025-11-21 08:48:07,656 | INFO | Closed position 532019918 @ 4045.35000
2025-11-21 08:48:07,658 | INFO | Closed SELL basket (TRAIL_GIVEBACK): size=1 vol=0.01 PnL=$-0.03
2025-11-21 08:48:08,885 | INFO | Opened SELL 0.01 @ 4043.58000 ticket=532020191
2025-11-21 08:48:08,887 | INFO | Opened SELL basket @ 4043.58000 vol=0.01
2025-11-21 08:48:08,887 | INFO | [ML ENTRY] SELL p=0.00/1.00
2025-11-21 08:48:13,089 | INFO | Closed position 532020191 @ 4044.03000
2025-11-21 08:48:13,091 | INFO | Closed SELL basket (TRAIL_GIVEBACK): size=1 vol=0.01 PnL=$-0.09
2025-11-21 08:48:14,316 | INFO | Opened SELL 0.01 @ 4043.55000 ticket=532020471
2025-11-21 08:48:14,318 | INFO | Opened SELL basket @ 4043.55000 vol=0.01
2025-11-21 08:48:14,318 | INFO | [ML ENTRY] SELL p=0.00/1.00
2025-11-21 08:48:19,529 | INFO | Closed position 532020471 @ 4043.84000
2025-11-21 08:48:19,531 | INFO | Closed SELL basket (TRAIL_GIVEBACK): size=1 vol=0.01 PnL=$0.07
2025-11-21 08:48:20,763 | INFO | Opened SELL 0.01 @ 4043.30000 ticket=532020838
2025-11-21 08:48:20,765 | INFO | Opened SELL basket @ 4043.30000 vol=0.01
2025-11-21 08:48:20,765 | INFO | [ML ENTRY] SELL p=0.00/1.00
2025-11-21 08:48:22,964 | INFO | Closed position 532020838 @ 4044.00000
2025-11-21 08:48:22,966 | INFO | Closed SELL basket (TRAIL_GIVEBACK): size=1 vol=0.01 PnL=$-0.34
2025-11-21 08:48:24,191 | INFO | Opened SELL 0.01 @ 4043.37000 ticket=532020974
2025-11-21 08:48:24,193 | INFO | Opened SELL basket @ 4043.37000 vol=0.01
2025-11-21 08:48:24,193 | INFO | [ML ENTRY] SELL p=0.00/1.00
2025-11-21 08:48:26,392 | INFO | Closed position 532020974 @ 4043.89000
2025-11-21 08:48:26,394 | INFO | Closed SELL basket (TRAIL_GIVEBACK): size=1 vol=0.01 PnL=$-0.26
2025-11-21 08:48:27,629 | INFO | Opened SELL 0.01 @ 4043.52000 ticket=532021155
2025-11-21 08:48:27,631 | INFO | Opened SELL basket @ 4043.52000 vol=0.01
2025-11-21 08:48:27,632 | INFO | [ML ENTRY] SELL p=0.00/1.00
2025-11-21 08:48:30,831 | INFO | Closed position 532021155 @ 4044.14000
2025-11-21 08:48:30,833 | INFO | Closed SELL basket (TRAIL_GIVEBACK): size=1 vol=0.01 PnL=$-0.16
2025-11-21 08:48:32,067 | INFO | Opened SELL 0.01 @ 4043.54000 ticket=532021287
2025-11-21 08:48:32,069 | INFO | Opened SELL basket @ 4043.54000 vol=0.01
2025-11-21 08:48:32,069 | INFO | [ML ENTRY] SELL p=0.00/1.00
2025-11-21 08:48:35,271 | INFO | Closed position 532021287 @ 4043.59000
2025-11-21 08:48:35,271 | INFO | Closed SELL basket (TRAIL_GIVEBACK): size=1 vol=0.01 PnL=$0.36
2025-11-21 08:48:35,895 | INFO | Shutdown requested, closing baskets if any...
2025-11-21 08:48:35,896 | INFO | MT5 shut down
2025-11-21 08:50:23,295 | INFO | MT5 login OK (account 48738521 @ HFMarketsGlobal-Demo)
2025-11-21 08:50:23,297 | INFO | FlippedStrategy init | add=200.00 pips, vol0=0.01, mult=1.10, hard_stop=$10.00, trail=40%
2025-11-21 08:50:24,604 | INFO | Flipped XU ML bot ready for XAUUSD timeframe=M1
2025-11-21 08:50:24,604 | INFO | Starting main loop poll=1.0s
2025-11-21 08:50:26,415 | INFO | Opened SELL 0.01 @ 4039.44000 ticket=532026534
2025-11-21 08:50:26,416 | INFO | Opened SELL basket @ 4039.44000 vol=0.01
2025-11-21 08:50:26,417 | INFO | [ML ENTRY] SELL p=0.01/0.99
2025-11-21 09:09:02,702 | INFO | Closed position 532026534 @ 4050.65000
2025-11-21 09:09:02,898 | INFO | Closed position 532061393 @ 4050.57000
2025-11-21 09:09:03,088 | INFO | Closed position 532061420 @ 4050.52000
2025-11-21 09:09:03,278 | INFO | Closed position 532062920 @ 4050.48000
2025-11-21 09:09:03,470 | INFO | Closed position 532067794 @ 4050.48000
2025-11-21 09:09:03,663 | INFO | Closed position 532072625 @ 4050.34000
2025-11-21 09:09:03,853 | INFO | Closed position 532072670 @ 4050.28000
2025-11-21 09:09:03,854 | INFO | Closed SELL basket (HARD_STOP): size=1 vol=0.01 PnL=$-10.05
2025-11-21 09:09:05,082 | INFO | Opened SELL 0.01 @ 4049.58000 ticket=532073504
2025-11-21 09:09:05,083 | INFO | Opened SELL basket @ 4049.58000 vol=0.01
2025-11-21 09:09:05,085 | INFO | [ML ENTRY] SELL p=0.00/1.00
2025-11-21 09:09:27,344 | INFO | Opened SELL 0.01 @ 4047.23000 ticket=532074895
2025-11-21 09:09:27,346 | INFO | Added SELL @ 4047.23000 vol=0.01 total=0.02
2025-11-21 09:09:29,542 | INFO | Closed position 532073504 @ 4047.93000
2025-11-21 09:09:29,735 | INFO | Closed position 532074895 @ 4047.93000
2025-11-21 09:09:29,736 | INFO | Closed SELL basket (TRAIL_GIVEBACK): size=2 vol=0.02 PnL=$1.69
2025-11-21 09:09:30,963 | INFO | Opened SELL 0.01 @ 4047.68000 ticket=532075100
2025-11-21 09:09:30,965 | INFO | Opened SELL basket @ 4047.68000 vol=0.01
2025-11-21 09:09:30,965 | INFO | [ML ENTRY] SELL p=0.00/1.00
2025-11-21 09:10:12,458 | INFO | Closed position 532075100 @ 4048.03000
2025-11-21 09:10:12,648 | INFO | Closed position 532075816 @ 4048.03000
2025-11-21 09:10:12,650 | INFO | Closed SELL basket (BE_STOP): size=1 vol=0.01 PnL=$-0.09
2025-11-21 09:10:13,880 | INFO | Opened SELL 0.01 @ 4048.09000 ticket=532076413
2025-11-21 09:10:13,882 | INFO | Opened SELL basket @ 4048.09000 vol=0.01
2025-11-21 09:10:13,882 | INFO | [ML ENTRY] SELL p=0.00/1.00
2025-11-21 09:14:18,381 | INFO | Closed position 532076413 @ 4058.48000
2025-11-21 09:14:18,573 | INFO | Closed position 532078570 @ 4058.48000
2025-11-21 09:14:18,765 | INFO | Closed position 532078611 @ 4058.51000
2025-11-21 09:14:18,957 | INFO | Closed position 532080248 @ 4058.41000
2025-11-21 09:14:19,151 | INFO | Closed position 532080428 @ 4058.43000
2025-11-21 09:14:19,346 | INFO | Closed position 532086342 @ 4058.45000
2025-11-21 09:14:19,554 | INFO | Closed position 532087585 @ 4058.45000
2025-11-21 09:14:19,759 | INFO | Closed position 532090582 @ 4058.45000
2025-11-21 09:14:19,958 | INFO | Closed position 532091873 @ 4058.42000
2025-11-21 09:14:20,149 | INFO | Closed position 532091988 @ 4058.42000
2025-11-21 09:14:20,151 | INFO | Closed SELL basket (HARD_STOP): size=1 vol=0.01 PnL=$-10.03
2025-11-21 09:14:21,379 | INFO | Opened SELL 0.01 @ 4057.87000 ticket=532095179
2025-11-21 09:14:21,385 | INFO | Opened SELL basket @ 4057.87000 vol=0.01
2025-11-21 09:14:21,385 | INFO | [ML ENTRY] SELL p=0.00/1.00
2025-11-21 09:15:35,812 | INFO | Opened SELL 0.01 @ 4055.82000 ticket=532101510
2025-11-21 09:15:35,815 | INFO | Added SELL @ 4055.82000 vol=0.01 total=0.02
2025-11-21 09:15:43,030 | INFO | Closed position 532095179 @ 4056.69000
2025-11-21 09:15:43,220 | INFO | Closed position 532101510 @ 4056.70000
2025-11-21 09:15:43,222 | INFO | Closed SELL basket (TRAIL_GIVEBACK): size=2 vol=0.02 PnL=$1.15
2025-11-21 09:15:44,450 | INFO | Opened SELL 0.01 @ 4056.15000 ticket=532102054
2025-11-21 09:15:44,452 | INFO | Opened SELL basket @ 4056.15000 vol=0.01
2025-11-21 09:15:44,453 | INFO | [ML ENTRY] SELL p=0.00/1.00
2025-11-21 09:17:12,980 | INFO | Closed position 532102054 @ 4056.57000
2025-11-21 09:17:13,171 | INFO | Closed position 532103252 @ 4056.62000
2025-11-21 09:17:13,361 | INFO | Closed position 532103277 @ 4056.61000
2025-11-21 09:17:13,363 | INFO | Closed SELL basket (BE_STOP): size=1 vol=0.01 PnL=$-0.06
2025-11-21 09:17:14,598 | INFO | Opened SELL 0.01 @ 4056.26000 ticket=532106539
2025-11-21 09:17:14,600 | INFO | Opened SELL basket @ 4056.26000 vol=0.01
2025-11-21 09:17:14,600 | INFO | [ML ENTRY] SELL p=0.00/1.00
2025-11-21 09:28:02,167 | INFO | Opened SELL 0.01 @ 4054.01000 ticket=532138807
2025-11-21 09:28:02,169 | INFO | Added SELL @ 4054.01000 vol=0.01 total=0.02
2025-11-21 09:28:03,361 | INFO | Closed position 532106539 @ 4054.98000
2025-11-21 09:28:03,553 | INFO | Closed position 532138807 @ 4054.98000
2025-11-21 09:28:03,555 | INFO | Closed SELL basket (TRAIL_GIVEBACK): size=2 vol=0.02 PnL=$1.01
2025-11-21 09:28:04,783 | INFO | Opened SELL 0.01 @ 4054.92000 ticket=532139022
2025-11-21 09:28:04,785 | INFO | Opened SELL basket @ 4054.92000 vol=0.01
2025-11-21 09:28:04,785 | INFO | [ML ENTRY] SELL p=0.00/1.00
2025-11-21 09:39:56,599 | INFO | Opened SELL 0.01 @ 4052.90000 ticket=532174588
2025-11-21 09:39:56,602 | INFO | Added SELL @ 4052.90000 vol=0.01 total=0.02
2025-11-21 09:40:00,806 | INFO | Closed position 532139022 @ 4053.74000
2025-11-21 09:40:00,996 | INFO | Closed position 532174588 @ 4053.77000
2025-11-21 09:40:01,046 | INFO | Closed SELL basket (TRAIL_GIVEBACK): size=2 vol=0.02 PnL=$1.12
2025-11-21 09:40:02,271 | INFO | Opened SELL 0.01 @ 4053.46000 ticket=532174919
2025-11-21 09:40:02,273 | INFO | Opened SELL basket @ 4053.46000 vol=0.01
2025-11-21 09:40:02,274 | INFO | [ML ENTRY] SELL p=0.00/1.00
2025-11-21 09:40:39,578 | INFO | Closed position 532174919 @ 4054.14000
2025-11-21 09:40:39,580 | INFO | Closed SELL basket (BE_STOP): size=1 vol=0.01 PnL=$-0.33
2025-11-21 09:40:40,809 | INFO | Opened SELL 0.01 @ 4053.63000 ticket=532177105
2025-11-21 09:40:40,811 | INFO | Opened SELL basket @ 4053.63000 vol=0.01
2025-11-21 09:40:40,811 | INFO | [ML ENTRY] SELL p=0.00/1.00
2025-11-21 09:42:50,499 | INFO | Opened SELL 0.01 @ 4051.27000 ticket=532183606
2025-11-21 09:42:50,501 | INFO | Added SELL @ 4051.27000 vol=0.01 total=0.02
2025-11-21 09:43:03,731 | INFO | Closed position 532177105 @ 4051.93000
2025-11-21 09:43:03,929 | INFO | Closed position 532183606 @ 4051.86000
2025-11-21 09:43:03,931 | INFO | Closed SELL basket (TRAIL_GIVEBACK): size=2 vol=0.02 PnL=$1.64
2025-11-21 09:43:05,160 | INFO | Opened BUY 0.01 @ 4051.76000 ticket=532184897
2025-11-21 09:43:05,162 | INFO | Opened BUY basket @ 4051.76000 vol=0.01
2025-11-21 09:43:05,163 | INFO | [ML ENTRY] BUY p=0.70/0.30
2025-11-21 09:47:30,291 | INFO | Opened BUY 0.01 @ 4054.04000 ticket=532201037
2025-11-21 09:47:30,294 | INFO | Added BUY @ 4054.04000 vol=0.01 total=0.02
2025-11-21 09:47:34,498 | INFO | Closed position 532184897 @ 4052.46000
2025-11-21 09:47:34,692 | INFO | Closed position 532201037 @ 4052.47000
2025-11-21 09:47:34,694 | INFO | Closed BUY basket (BE_STOP): size=2 vol=0.02 PnL=$-0.24
2025-11-21 09:47:35,915 | INFO | Opened BUY 0.01 @ 4052.57000 ticket=532201574
2025-11-21 09:47:35,917 | INFO | Opened BUY basket @ 4052.57000 vol=0.01
2025-11-21 09:47:35,917 | INFO | [ML ENTRY] BUY p=1.00/0.00
2025-11-21 09:48:04,214 | INFO | Opened BUY 0.01 @ 4054.74000 ticket=532203282
2025-11-21 09:48:04,216 | INFO | Added BUY @ 4054.74000 vol=0.01 total=0.02
2025-11-21 09:48:09,422 | INFO | Closed position 532201574 @ 4053.94000
2025-11-21 09:48:09,613 | INFO | Closed position 532202963 @ 4054.01000
2025-11-21 09:48:09,803 | INFO | Closed position 532203003 @ 4053.95000
2025-11-21 09:48:09,993 | INFO | Closed position 532203282 @ 4053.95000
2025-11-21 09:48:09,995 | INFO | Closed BUY basket (TRAIL_GIVEBACK): size=2 vol=0.02 PnL=$1.23
2025-11-21 09:48:11,227 | INFO | Opened BUY 0.01 @ 4054.09000 ticket=532203667
2025-11-21 09:48:11,229 | INFO | Opened BUY basket @ 4054.09000 vol=0.01
2025-11-21 09:48:11,229 | INFO | [ML ENTRY] BUY p=1.00/0.00
2025-11-21 09:49:21,642 | INFO | Closed position 532203667 @ 4053.19000
2025-11-21 09:49:21,644 | INFO | Closed BUY basket (BE_STOP): size=1 vol=0.01 PnL=$-0.58
2025-11-21 09:49:22,866 | INFO | Opened BUY 0.01 @ 4053.30000 ticket=532206610
2025-11-21 09:49:22,869 | INFO | Opened BUY basket @ 4053.30000 vol=0.01
2025-11-21 09:49:22,869 | INFO | [ML ENTRY] BUY p=1.00/0.00
2025-11-21 09:50:09,229 | INFO | Closed position 532206610 @ 4052.78000
2025-11-21 09:50:09,421 | INFO | Closed position 532207985 @ 4052.61000
2025-11-21 09:50:09,613 | INFO | Closed position 532208009 @ 4052.61000
2025-11-21 09:50:09,615 | INFO | Closed BUY basket (BE_STOP): size=1 vol=0.01 PnL=$-0.08
2025-11-21 09:50:10,835 | INFO | Opened BUY 0.01 @ 4053.02000 ticket=532208467
2025-11-21 09:50:10,840 | INFO | Opened BUY basket @ 4053.02000 vol=0.01
2025-11-21 09:50:10,841 | INFO | [ML ENTRY] BUY p=1.00/0.00
2025-11-21 10:07:08,796 | INFO | Closed position 532208467 @ 4042.50000
2025-11-21 10:07:08,988 | INFO | Closed position 532221288 @ 4043.04000
2025-11-21 10:07:09,187 | INFO | Closed position 532223928 @ 4043.08000
2025-11-21 10:07:09,377 | INFO | Closed position 532236398 @ 4043.08000
2025-11-21 10:07:09,566 | INFO | Closed position 532238106 @ 4043.20000
2025-11-21 10:07:09,756 | INFO | Closed position 532238984 @ 4043.08000
2025-11-21 10:07:09,950 | INFO | Closed position 532242086 @ 4043.08000
2025-11-21 10:07:09,954 | INFO | Closed BUY basket (HARD_STOP): size=1 vol=0.01 PnL=$-10.16
2025-11-21 10:07:11,179 | INFO | Opened BUY 0.01 @ 4043.57000 ticket=532251382
2025-11-21 10:07:11,181 | INFO | Opened BUY basket @ 4043.57000 vol=0.01
2025-11-21 10:07:11,181 | INFO | [ML ENTRY] BUY p=1.00/0.00
2025-11-21 10:07:37,449 | INFO | Opened BUY 0.01 @ 4045.81000 ticket=532253216
2025-11-21 10:07:37,451 | INFO | Added BUY @ 4045.81000 vol=0.01 total=0.02
2025-11-21 10:08:10,750 | INFO | Closed position 532251382 @ 4045.76000
2025-11-21 10:08:10,940 | INFO | Closed position 532253216 @ 4045.81000
2025-11-21 10:08:10,942 | INFO | Closed BUY basket (TRAIL_GIVEBACK): size=2 vol=0.02 PnL=$2.86
2025-11-21 10:08:12,169 | INFO | Opened BUY 0.01 @ 4045.72000 ticket=532255502
2025-11-21 10:08:12,171 | INFO | Opened BUY basket @ 4045.72000 vol=0.01
2025-11-21 10:08:12,171 | INFO | [ML ENTRY] BUY p=1.00/0.00
2025-11-21 10:09:09,538 | INFO | Opened BUY 0.01 @ 4047.77000 ticket=532257726
2025-11-21 10:09:09,541 | INFO | Added BUY @ 4047.77000 vol=0.01 total=0.02
2025-11-21 10:09:15,754 | INFO | Closed position 532255502 @ 4046.82000
2025-11-21 10:09:15,947 | INFO | Closed position 532257274 @ 4046.82000
2025-11-21 10:09:16,137 | INFO | Closed position 532257285 @ 4046.82000
2025-11-21 10:09:16,334 | INFO | Closed position 532257317 @ 4046.75000
2025-11-21 10:09:16,525 | INFO | Closed position 532257726 @ 4046.77000
2025-11-21 10:09:16,527 | INFO | Closed BUY basket (TRAIL_GIVEBACK): size=2 vol=0.02 PnL=$0.87
2025-11-21 10:09:17,751 | INFO | Opened BUY 0.01 @ 4047.11000 ticket=532258216
2025-11-21 10:09:17,753 | INFO | Opened BUY basket @ 4047.11000 vol=0.01
2025-11-21 10:09:17,754 | INFO | [ML ENTRY] BUY p=1.00/0.00
2025-11-21 10:14:33,323 | INFO | Closed position 532258216 @ 4036.07000
2025-11-21 10:14:33,529 | INFO | Closed position 532268584 @ 4035.57000
2025-11-21 10:14:33,731 | INFO | Closed position 532268606 @ 4035.57000
2025-11-21 10:14:33,937 | INFO | Closed position 532269028 @ 4035.50000
2025-11-21 10:14:34,136 | INFO | Closed position 532269601 @ 4035.51000
2025-11-21 10:14:34,328 | INFO | Closed position 532270728 @ 4035.51000
2025-11-21 10:14:34,330 | INFO | Closed BUY basket (HARD_STOP): size=1 vol=0.01 PnL=$-10.12
2025-11-21 10:14:35,561 | INFO | Opened BUY 0.01 @ 4036.83000 ticket=532275710
2025-11-21 10:14:35,563 | INFO | Opened BUY basket @ 4036.83000 vol=0.01
2025-11-21 10:14:35,563 | INFO | [ML ENTRY] BUY p=1.00/0.00
2025-11-21 10:15:01,845 | INFO | Opened BUY 0.01 @ 4039.03000 ticket=532277768
2025-11-21 10:15:01,847 | INFO | Added BUY @ 4039.03000 vol=0.01 total=0.02
2025-11-21 10:15:04,043 | INFO | Closed position 532275710 @ 4038.30000
2025-11-21 10:15:04,233 | INFO | Closed position 532277768 @ 4038.18000
2025-11-21 10:15:04,235 | INFO | Closed BUY basket (TRAIL_GIVEBACK): size=2 vol=0.02 PnL=$1.16
2025-11-21 10:15:05,462 | INFO | Opened BUY 0.01 @ 4038.60000 ticket=532278105
2025-11-21 10:15:05,464 | INFO | Opened BUY basket @ 4038.60000 vol=0.01
2025-11-21 10:15:05,464 | INFO | [ML ENTRY] BUY p=1.00/0.00
2025-11-21 10:15:25,723 | INFO | Opened BUY 0.01 @ 4040.15000 ticket=532279503
2025-11-21 10:15:25,725 | INFO | Added BUY @ 4040.15000 vol=0.01 total=0.02
2025-11-21 10:15:28,927 | INFO | Closed position 532278105 @ 4039.54000
2025-11-21 10:15:29,117 | INFO | Closed position 532279503 @ 4039.54000
2025-11-21 10:15:29,119 | INFO | Closed BUY basket (TRAIL_GIVEBACK): size=2 vol=0.02 PnL=$1.05
2025-11-21 10:15:30,344 | INFO | Opened BUY 0.01 @ 4039.28000 ticket=532279671
2025-11-21 10:15:30,346 | INFO | Opened BUY basket @ 4039.28000 vol=0.01
2025-11-21 10:15:30,346 | INFO | [ML ENTRY] BUY p=1.00/0.00
2025-11-21 10:15:52,604 | INFO | Closed position 532279671 @ 4038.78000
2025-11-21 10:15:52,606 | INFO | Closed BUY basket (BE_STOP): size=1 vol=0.01 PnL=$-0.14
2025-11-21 10:15:53,834 | INFO | Opened BUY 0.01 @ 4038.93000 ticket=532280779
2025-11-21 10:15:53,836 | INFO | Opened BUY basket @ 4038.93000 vol=0.01
2025-11-21 10:15:53,836 | INFO | [ML ENTRY] BUY p=1.00/0.00
2025-11-21 10:16:31,147 | INFO | Closed position 532280779 @ 4038.19000
2025-11-21 10:16:31,149 | INFO | Closed BUY basket (BE_STOP): size=1 vol=0.01 PnL=$-0.38
2025-11-21 10:16:32,373 | INFO | Opened BUY 0.01 @ 4038.28000 ticket=532282893
2025-11-21 10:16:32,375 | INFO | Opened BUY basket @ 4038.28000 vol=0.01
2025-11-21 10:16:32,376 | INFO | [ML ENTRY] BUY p=1.00/0.00
2025-11-21 10:17:41,791 | INFO | Opened BUY 0.01 @ 4040.72000 ticket=532286244
2025-11-21 10:17:41,794 | INFO | Added BUY @ 4040.72000 vol=0.01 total=0.02
2025-11-21 10:17:52,015 | INFO | Closed position 532282893 @ 4040.13000
2025-11-21 10:17:52,204 | INFO | Closed position 532286244 @ 4040.08000
2025-11-21 10:17:52,206 | INFO | Closed BUY basket (TRAIL_GIVEBACK): size=2 vol=0.02 PnL=$1.90
2025-11-21 10:17:53,429 | INFO | Opened BUY 0.01 @ 4040.39000 ticket=532286978
2025-11-21 10:17:53,431 | INFO | Opened BUY basket @ 4040.39000 vol=0.01
2025-11-21 10:17:53,431 | INFO | [ML ENTRY] BUY p=1.00/0.00
2025-11-21 10:19:12,997 | INFO | Opened BUY 0.01 @ 4042.72000 ticket=532290854
2025-11-21 10:19:12,999 | INFO | Added BUY @ 4042.72000 vol=0.01 total=0.02
2025-11-21 10:19:56,334 | INFO | Closed position 532286978 @ 4042.25000
2025-11-21 10:19:56,529 | INFO | Closed position 532290854 @ 4042.17000
2025-11-21 10:19:56,532 | INFO | Closed BUY basket (TRAIL_GIVEBACK): size=2 vol=0.02 PnL=$2.35
2025-11-21 10:19:57,753 | INFO | Opened BUY 0.01 @ 4042.43000 ticket=532293463
2025-11-21 10:19:57,755 | INFO | Opened BUY basket @ 4042.43000 vol=0.01
2025-11-21 10:19:57,755 | INFO | [ML ENTRY] BUY p=1.00/0.00
2025-11-21 11:08:00,424 | INFO | Opened BUY 0.01 @ 4044.91000 ticket=532421815
2025-11-21 11:08:00,453 | INFO | Added BUY @ 4044.91000 vol=0.01 total=0.02
2025-11-21 11:08:22,746 | INFO | Opened BUY 0.01 @ 4046.87000 ticket=532424988
2025-11-21 11:08:22,751 | INFO | Added BUY @ 4046.87000 vol=0.01 total=0.03
2025-11-21 11:08:25,951 | INFO | Closed position 532293463 @ 4045.69000
2025-11-21 11:08:26,142 | INFO | Closed position 532412934 @ 4046.03000
2025-11-21 11:08:26,338 | INFO | Closed position 532412977 @ 4046.03000
2025-11-21 11:08:26,537 | INFO | Closed position 532414159 @ 4045.86000
2025-11-21 11:08:26,730 | INFO | Closed position 532415955 @ 4045.81000
2025-11-21 11:08:26,922 | INFO | Closed position 532416857 @ 4045.81000
2025-11-21 11:08:27,118 | INFO | Closed position 532421815 @ 4045.47000
2025-11-21 11:08:27,310 | INFO | Closed position 532422325 @ 4045.83000
2025-11-21 11:08:27,501 | INFO | Closed position 532422521 @ 4045.83000
2025-11-21 11:08:27,691 | INFO | Closed position 532424988 @ 4045.47000
2025-11-21 11:08:27,693 | INFO | Closed BUY basket (TRAIL_GIVEBACK): size=3 vol=0.03 PnL=$3.88
2025-11-21 11:08:28,914 | INFO | Opened SELL 0.01 @ 4045.80000 ticket=532426034
2025-11-21 11:08:28,916 | INFO | Opened SELL basket @ 4045.80000 vol=0.01
2025-11-21 11:08:28,916 | INFO | [ML ENTRY] SELL p=0.00/1.00
2025-11-21 11:09:24,282 | INFO | Opened SELL 0.01 @ 4043.60000 ticket=532429449
2025-11-21 11:09:24,285 | INFO | Added SELL @ 4043.60000 vol=0.01 total=0.02
2025-11-21 11:09:32,499 | INFO | Closed position 532426034 @ 4044.42000
2025-11-21 11:09:32,693 | INFO | Closed position 532429449 @ 4044.42000
2025-11-21 11:09:32,695 | INFO | Closed SELL basket (TRAIL_GIVEBACK): size=2 vol=0.02 PnL=$1.28
2025-11-21 11:09:33,914 | INFO | Opened SELL 0.01 @ 4043.96000 ticket=532430192
2025-11-21 11:09:33,916 | INFO | Opened SELL basket @ 4043.96000 vol=0.01
2025-11-21 11:09:33,916 | INFO | [ML ENTRY] SELL p=0.00/1.00
2025-11-21 11:10:04,289 | INFO | Opened SELL 0.01 @ 4041.71000 ticket=532431497
2025-11-21 11:10:04,291 | INFO | Added SELL @ 4041.71000 vol=0.01 total=0.02
2025-11-21 11:10:09,495 | INFO | Closed position 532430192 @ 4042.56000
2025-11-21 11:10:09,684 | INFO | Closed position 532431258 @ 4042.56000
2025-11-21 11:10:09,877 | INFO | Closed position 532431318 @ 4042.56000
2025-11-21 11:10:10,067 | INFO | Closed position 532431497 @ 4042.56000
2025-11-21 11:10:10,069 | INFO | Closed SELL basket (TRAIL_GIVEBACK): size=2 vol=0.02 PnL=$1.19
2025-11-21 11:10:11,289 | INFO | Opened SELL 0.01 @ 4041.91000 ticket=532431771
2025-11-21 11:10:11,291 | INFO | Opened SELL basket @ 4041.91000 vol=0.01
2025-11-21 11:10:11,291 | INFO | [ML ENTRY] SELL p=0.00/1.00
2025-11-21 11:15:10,549 | INFO | Opened SELL 0.01 @ 4038.97000 ticket=532442716
2025-11-21 11:15:10,551 | INFO | Added SELL @ 4038.97000 vol=0.01 total=0.02
2025-11-21 11:15:55,901 | INFO | Closed position 532431771 @ 4039.97000
2025-11-21 11:15:56,091 | INFO | Closed position 532442716 @ 4039.97000
2025-11-21 11:15:56,093 | INFO | Closed SELL basket (TRAIL_GIVEBACK): size=2 vol=0.02 PnL=$1.60
2025-11-21 11:15:57,316 | INFO | Opened SELL 0.01 @ 4039.64000 ticket=532445037
2025-11-21 11:15:57,318 | INFO | Opened SELL basket @ 4039.64000 vol=0.01
2025-11-21 11:15:57,319 | INFO | [ML ENTRY] SELL p=0.00/1.00
2025-11-21 11:18:47,254 | INFO | Opened SELL 0.01 @ 4037.43000 ticket=532451334
2025-11-21 11:18:47,256 | INFO | Added SELL @ 4037.43000 vol=0.01 total=0.02
2025-11-21 11:19:02,580 | INFO | Closed position 532445037 @ 4038.77000
2025-11-21 11:19:02,785 | INFO | Closed position 532451334 @ 4038.88000
2025-11-21 11:19:02,975 | INFO | Closed position 532452033 @ 4038.87000
2025-11-21 11:19:03,168 | INFO | Closed position 532452038 @ 4038.90000
2025-11-21 11:19:03,170 | INFO | Closed SELL basket (TRAIL_GIVEBACK): size=2 vol=0.02 PnL=$0.33
2025-11-21 11:19:04,394 | INFO | Opened SELL 0.01 @ 4038.59000 ticket=532452220
2025-11-21 11:19:04,396 | INFO | Opened SELL basket @ 4038.59000 vol=0.01
2025-11-21 11:19:04,396 | INFO | [ML ENTRY] SELL p=0.00/1.00
2025-11-21 11:22:29,328 | INFO | Closed position 532452220 @ 4039.40000
2025-11-21 11:22:29,330 | INFO | Closed SELL basket (BE_STOP): size=1 vol=0.01 PnL=$-0.48
2025-11-21 11:22:30,552 | INFO | Opened SELL 0.01 @ 4039.39000 ticket=532459221
2025-11-21 11:22:30,554 | INFO | Opened SELL basket @ 4039.39000 vol=0.01
2025-11-21 11:22:30,554 | INFO | [ML ENTRY] SELL p=0.26/0.74
2025-11-21 11:27:20,724 | INFO | Closed position 532459221 @ 4039.95000
2025-11-21 11:27:20,726 | INFO | Closed SELL basket (BE_STOP): size=1 vol=0.01 PnL=$-0.23
2025-11-21 11:27:21,954 | INFO | Opened SELL 0.01 @ 4039.61000 ticket=532468420
2025-11-21 11:27:21,956 | INFO | Opened SELL basket @ 4039.61000 vol=0.01
2025-11-21 11:27:21,956 | INFO | [ML ENTRY] SELL p=0.17/0.83
2025-11-21 11:34:18,566 | INFO | Opened SELL 0.01 @ 4037.23000 ticket=532481254
2025-11-21 11:34:18,569 | INFO | Added SELL @ 4037.23000 vol=0.01 total=0.02
2025-11-21 11:34:20,765 | INFO | Closed position 532468420 @ 4038.18000
2025-11-21 11:34:20,955 | INFO | Closed position 532481254 @ 4038.18000
2025-11-21 11:34:20,958 | INFO | Closed SELL basket (TRAIL_GIVEBACK): size=2 vol=0.02 PnL=$1.00
2025-11-21 11:34:22,182 | INFO | Opened SELL 0.01 @ 4037.89000 ticket=532481412
2025-11-21 11:34:22,184 | INFO | Opened SELL basket @ 4037.89000 vol=0.01
2025-11-21 11:34:22,184 | INFO | [ML ENTRY] SELL p=0.33/0.67
2025-11-21 11:39:04,532 | INFO | Closed position 532481412 @ 4038.26000
2025-11-21 11:39:04,729 | INFO | Closed position 532493600 @ 4037.93000
2025-11-21 11:39:04,731 | INFO | Closed SELL basket (BE_STOP): size=1 vol=0.01 PnL=$-0.04
2025-11-21 11:39:05,951 | INFO | Opened SELL 0.01 @ 4038.14000 ticket=532493849
2025-11-21 11:39:05,953 | INFO | Opened SELL basket @ 4038.14000 vol=0.01
2025-11-21 11:39:05,953 | INFO | [ML ENTRY] SELL p=0.10/0.90
2025-11-21 11:40:10,395 | INFO | Closed position 532493849 @ 4038.69000
2025-11-21 11:40:10,586 | INFO | Closed position 532495776 @ 4038.34000
2025-11-21 11:40:10,588 | INFO | Closed SELL basket (BE_STOP): size=1 vol=0.01 PnL=$-0.19
2025-11-21 11:40:13,893 | INFO | Opened BUY 0.01 @ 4038.00000 ticket=532496196
2025-11-21 11:40:13,895 | INFO | Opened BUY basket @ 4038.00000 vol=0.01
2025-11-21 11:40:13,895 | INFO | [ML ENTRY] BUY p=0.69/0.31
2025-11-21 11:50:14,274 | INFO | Shutdown requested, closing baskets if any...
2025-11-21 11:50:14,467 | INFO | Closed position 532501596 @ 4033.53000
2025-11-21 11:50:14,661 | INFO | Closed position 532501607 @ 4033.53000
2025-11-21 11:50:14,849 | INFO | Closed position 532504482 @ 4033.50000
2025-11-21 11:50:15,038 | INFO | MT5 shut down
2025-11-21 11:54:53,439 | INFO | MT5 login OK (account 48738521 @ HFMarketsGlobal-Demo)
2025-11-21 11:54:53,440 | INFO | FlippedStrategy init | add=200.00 pips, vol0=0.01, mult=1.10, hard_stop=$0.00, trail=25%
2025-11-21 11:54:54,745 | INFO | Synced existing MT5 basket: 6 legs BUY
2025-11-21 11:54:54,745 | INFO | Flipped XU ML bot ready for XAUUSD timeframe=M1
2025-11-21 11:54:54,746 | INFO | Starting main loop poll=1.0s
2025-11-21 11:54:54,939 | INFO | Closed position 532522755 @ 4031.33000
2025-11-21 11:54:55,128 | INFO | Closed position 532524566 @ 4031.33000
2025-11-21 11:54:55,316 | INFO | Closed position 532524576 @ 4031.33000
2025-11-21 11:54:55,504 | INFO | Closed position 532527649 @ 4031.33000
2025-11-21 11:54:55,695 | INFO | Closed position 532530644 @ 4031.33000
2025-11-21 11:54:55,899 | INFO | Closed position 532533879 @ 4031.33000
2025-11-21 11:54:55,899 | INFO | Closed BUY basket (MARTI_STOP): size=6 vol=0.06 PnL=$-9.26
2025-11-21 11:54:58,968 | INFO | Opened BUY 0.01 @ 4032.16000 ticket=532536054
2025-11-21 11:54:58,968 | INFO | Opened BUY basket @ 4032.16000 vol=0.01
2025-11-21 11:54:58,969 | INFO | [ML ENTRY] BUY p=1.00/0.00
2025-11-21 11:56:56,612 | INFO | Opened BUY 0.01 @ 4034.17000 ticket=532541825
2025-11-21 11:56:56,614 | INFO | Added BUY @ 4034.17000 vol=0.01 total=0.02
2025-11-21 11:57:29,022 | INFO | Closed position 532536054 @ 4035.69000
2025-11-21 11:57:29,214 | INFO | Closed position 532541825 @ 4035.69000
2025-11-21 11:57:29,403 | INFO | Closed position 532542075 @ 4035.69000
2025-11-21 11:57:29,592 | INFO | Closed position 532542099 @ 4035.68000
2025-11-21 11:57:29,782 | INFO | Closed position 532542129 @ 4035.68000
2025-11-21 11:57:29,784 | INFO | Closed BUY basket (MARTI_TP): size=2 vol=0.02 PnL=$5.71
2025-11-21 11:57:31,011 | INFO | Opened BUY 0.01 @ 4036.39000 ticket=532544496
2025-11-21 11:57:31,014 | INFO | Opened BUY basket @ 4036.39000 vol=0.01
2025-11-21 11:57:31,014 | INFO | [ML ENTRY] BUY p=1.00/0.00
2025-11-21 11:59:05,581 | INFO | Opened BUY 0.01 @ 4038.63000 ticket=532550350
2025-11-21 11:59:05,581 | INFO | Added BUY @ 4038.63000 vol=0.01 total=0.02
2025-11-21 11:59:11,800 | INFO | Closed position 532544496 @ 4038.05000
2025-11-21 11:59:11,991 | INFO | Closed position 532549822 @ 4038.08000
2025-11-21 11:59:12,182 | INFO | Closed position 532549856 @ 4038.08000
2025-11-21 11:59:12,374 | INFO | Closed position 532550350 @ 4038.08000
2025-11-21 11:59:12,376 | INFO | Closed BUY basket (TRAIL_GIVEBACK): size=2 vol=0.02 PnL=$1.72
2025-11-21 11:59:13,598 | INFO | Opened BUY 0.01 @ 4038.37000 ticket=532550870
2025-11-21 11:59:13,600 | INFO | Opened BUY basket @ 4038.37000 vol=0.01
2025-11-21 11:59:13,601 | INFO | [ML ENTRY] BUY p=0.83/0.17
2025-11-21 11:59:47,897 | INFO | Shutdown requested, closing baskets if any...
2025-11-21 11:59:48,085 | INFO | MT5 shut down
2025-11-21 12:00:05,413 | INFO | MT5 login OK (account 48738521 @ HFMarketsGlobal-Demo)
2025-11-21 12:00:05,414 | INFO | FlippedStrategy init | add=200.00 pips, vol0=0.01, mult=1.10, hard_stop=$0.00, trail=30%
2025-11-21 12:00:06,702 | INFO | Flipped XU ML bot ready for XAUUSD timeframe=M1
2025-11-21 12:00:06,702 | INFO | Starting main loop poll=1.0s
2025-11-21 12:00:08,487 | INFO | Opened BUY 0.01 @ 4037.07000 ticket=532554457
2025-11-21 12:00:08,488 | INFO | Opened BUY basket @ 4037.07000 vol=0.01
2025-11-21 12:00:08,488 | INFO | [ML ENTRY] BUY p=1.00/0.00
2025-11-21 12:00:55,845 | INFO | Closed position 532554457 @ 4036.51000
2025-11-21 12:00:55,846 | INFO | Closed BUY basket (BE_STOP): size=1 vol=0.01 PnL=$-0.16
2025-11-21 12:00:57,072 | INFO | Opened BUY 0.01 @ 4036.80000 ticket=532556593
2025-11-21 12:00:57,074 | INFO | Opened BUY basket @ 4036.80000 vol=0.01
2025-11-21 12:00:57,074 | INFO | [ML ENTRY] BUY p=1.00/0.00
2025-11-21 12:01:06,299 | INFO | Closed position 532556593 @ 4035.04000
2025-11-21 12:01:06,494 | INFO | Closed position 532556773 @ 4035.04000
2025-11-21 12:01:06,694 | INFO | Closed position 532556903 @ 4035.13000
2025-11-21 12:01:06,696 | INFO | Closed BUY basket (MARTI_STOP): size=1 vol=0.01 PnL=$-1.37
2025-11-21 12:01:07,926 | INFO | Opened BUY 0.01 @ 4035.80000 ticket=532557514
2025-11-21 12:01:07,928 | INFO | Opened BUY basket @ 4035.80000 vol=0.01
2025-11-21 12:01:07,928 | INFO | [ML ENTRY] BUY p=1.00/0.00
2025-11-21 12:01:09,731 | INFO | Shutdown requested, closing baskets if any...
2025-11-21 12:01:09,919 | INFO | Closed position 532557514 @ 4035.57000
2025-11-21 12:01:09,920 | INFO | MT5 shut down
2025-11-21 12:01:32,819 | INFO | MT5 login OK (account 48738521 @ HFMarketsGlobal-Demo)
2025-11-21 12:01:32,820 | INFO | FlippedStrategy init | add=200.00 pips, vol0=0.01, mult=1.10, hard_stop=$0.00, trail=35%
2025-11-21 12:01:34,155 | INFO | Flipped XU ML bot ready for XAUUSD timeframe=M1
2025-11-21 12:01:34,156 | INFO | Starting main loop poll=1.0s
2025-11-21 12:01:35,789 | INFO | Opened BUY 0.01 @ 4036.30000 ticket=532558985
2025-11-21 12:01:35,789 | INFO | Opened BUY basket @ 4036.30000 vol=0.01
2025-11-21 12:01:35,790 | INFO | [ML ENTRY] BUY p=0.93/0.07
2025-11-21 12:02:54,359 | INFO | Opened BUY 0.01 @ 4038.67000 ticket=532562500
2025-11-21 12:02:54,360 | INFO | Added BUY @ 4038.67000 vol=0.01 total=0.02
2025-11-21 12:03:18,655 | INFO | Closed position 532558985 @ 4036.74000
2025-11-21 12:03:18,849 | INFO | Closed position 532560138 @ 4037.10000
2025-11-21 12:03:19,040 | INFO | Closed position 532561915 @ 4037.00000
2025-11-21 12:03:19,231 | INFO | Closed position 532562500 @ 4036.64000
2025-11-21 12:03:19,421 | INFO | Closed position 532562725 @ 4037.01000
2025-11-21 12:03:19,612 | INFO | Closed position 532562762 @ 4036.99000
2025-11-21 12:03:19,615 | INFO | Closed BUY basket (BE_STOP): size=2 vol=0.02 PnL=$-0.77
2025-11-21 12:03:20,836 | INFO | Opened SELL 0.01 @ 4036.60000 ticket=532564056
2025-11-21 12:03:20,838 | INFO | Opened SELL basket @ 4036.60000 vol=0.01
2025-11-21 12:03:20,838 | INFO | [ML ENTRY] SELL p=0.00/1.00
2025-11-21 12:03:40,093 | INFO | Closed position 532564056 @ 4038.53000
2025-11-21 12:03:40,094 | INFO | Closed SELL basket (MARTI_STOP): size=1 vol=0.01 PnL=$-1.47
2025-11-21 12:03:41,317 | INFO | Opened SELL 0.01 @ 4038.21000 ticket=532565107
2025-11-21 12:03:41,317 | INFO | Opened SELL basket @ 4038.21000 vol=0.01
2025-11-21 12:03:41,318 | INFO | [ML ENTRY] SELL p=0.00/1.00
2025-11-21 12:04:01,075 | INFO | Shutdown requested, closing baskets if any...
2025-11-21 12:04:01,263 | INFO | Closed position 532565107 @ 4037.61000
2025-11-21 12:04:01,276 | INFO | MT5 shut down
2025-11-21 12:04:18,060 | INFO | MT5 login OK (account 48738521 @ HFMarketsGlobal-Demo)
2025-11-21 12:04:18,061 | INFO | FlippedStrategy init | add=200.00 pips, vol0=0.01, mult=1.10, hard_stop=$0.00, trail=35%
2025-11-21 12:04:19,389 | INFO | Flipped XU ML bot ready for XAUUSD timeframe=M1
2025-11-21 12:04:19,390 | INFO | Starting main loop poll=1.0s
2025-11-21 12:04:21,172 | INFO | Opened SELL 0.01 @ 4037.54000 ticket=532566653
2025-11-21 12:04:21,174 | INFO | Opened SELL basket @ 4037.54000 vol=0.01
2025-11-21 12:04:21,174 | INFO | [ML ENTRY] SELL p=0.00/1.00
2025-11-21 12:04:42,913 | INFO | Shutdown requested, leaving MT5 positions open for resume.
2025-11-21 12:04:42,913 | INFO | MT5 shut down
2025-11-21 12:05:15,068 | INFO | MT5 login OK (account 48738521 @ HFMarketsGlobal-Demo)
2025-11-21 12:05:15,068 | INFO | FlippedStrategy init | add=200.00 pips, vol0=0.01, mult=1.10, hard_stop=$0.00, trail=35%
2025-11-21 12:05:16,386 | INFO | Synced existing MT5 basket: 3 legs SELL (tickets=[532566653, 532568112, 532568125])
2025-11-21 12:05:16,387 | INFO | Flipped XU ML bot ready for XAUUSD timeframe=M1
2025-11-21 12:05:16,387 | INFO | Starting main loop poll=1.0s
2025-11-21 12:05:56,725 | INFO | Closed position 532566653 @ 4037.21000
2025-11-21 12:05:56,917 | INFO | Closed position 532568112 @ 4037.20000
2025-11-21 12:05:57,105 | INFO | Closed position 532568125 @ 4037.28000
2025-11-21 12:05:57,106 | INFO | Closed SELL basket (BE_STOP): size=3 vol=0.03 PnL=$-0.12
2025-11-21 12:05:59,757 | INFO | Opened SELL 0.01 @ 4037.10000 ticket=532570802
2025-11-21 12:05:59,757 | INFO | Opened SELL basket @ 4037.10000 vol=0.01
2025-11-21 12:05:59,758 | INFO | [ML ENTRY] SELL p=0.00/1.00
2025-11-21 12:06:29,062 | INFO | Closed position 532570802 @ 4039.05000
2025-11-21 12:06:29,062 | INFO | Closed SELL basket (MARTI_STOP): size=1 vol=0.01 PnL=$-1.59
2025-11-21 12:06:30,293 | INFO | Opened SELL 0.01 @ 4038.30000 ticket=532572022
2025-11-21 12:06:30,294 | INFO | Opened SELL basket @ 4038.30000 vol=0.01
2025-11-21 12:06:30,294 | INFO | [ML ENTRY] SELL p=0.00/1.00
2025-11-21 12:06:37,510 | INFO | Closed position 532572022 @ 4040.04000
2025-11-21 12:06:37,511 | INFO | Closed SELL basket (MARTI_STOP): size=1 vol=0.01 PnL=$-1.45
2025-11-21 12:06:38,735 | INFO | Opened SELL 0.01 @ 4039.81000 ticket=532572722
2025-11-21 12:06:38,736 | INFO | Opened SELL basket @ 4039.81000 vol=0.01
2025-11-21 12:06:38,736 | INFO | [ML ENTRY] SELL p=0.00/1.00
2025-11-21 12:06:44,172 | INFO | Shutdown requested, leaving MT5 positions open for resume.
2025-11-21 12:06:44,172 | INFO | MT5 shut down
2025-11-21 12:10:04,081 | INFO | MT5 login OK (account 48738521 @ HFMarketsGlobal-Demo)
2025-11-21 12:10:04,081 | INFO | FlippedStrategy init | add=200.00 pips, vol0=0.01, mult=1.10, hard_stop=$0.00, trail=35%
2025-11-21 12:10:05,441 | INFO | Found existing MT5 positions (3, SELL) but inherit_existing_basket is False; leaving untouched.
2025-11-21 12:10:05,445 | INFO | Flipped XU ML bot ready for XAUUSD timeframe=M1
2025-11-21 12:10:05,445 | INFO | Starting main loop poll=1.0s
2025-11-21 12:10:07,056 | INFO | Opened SELL 0.01 @ 4043.22000 ticket=532588650
2025-11-21 12:10:07,058 | INFO | Opened SELL basket @ 4043.22000 vol=0.01
2025-11-21 12:10:07,058 | INFO | [ML ENTRY] SELL p=0.00/1.00
2025-11-21 12:11:07,454 | INFO | Opened SELL 0.01 @ 4041.15000 ticket=532591339
2025-11-21 12:11:07,456 | INFO | Added SELL @ 4041.15000 vol=0.01 total=0.02
2025-11-21 12:13:11,101 | INFO | Closed position 532588650 @ 4041.46000
2025-11-21 12:13:11,301 | INFO | Closed position 532591339 @ 4041.46000
2025-11-21 12:13:11,303 | INFO | Closed SELL basket (TRAIL_GIVEBACK): size=2 vol=0.02 PnL=$2.85
2025-11-21 12:13:12,528 | INFO | Opened SELL 0.01 @ 4041.16000 ticket=532596415
2025-11-21 12:13:12,530 | INFO | Opened SELL basket @ 4041.16000 vol=0.01
2025-11-21 12:13:12,530 | INFO | [ML ENTRY] SELL p=0.00/1.00
2025-11-21 12:13:32,798 | INFO | Closed position 532596415 @ 4043.10000
2025-11-21 12:13:32,800 | INFO | Closed SELL basket (MARTI_STOP): size=1 vol=0.01 PnL=$-1.49
2025-11-21 12:13:34,026 | INFO | Opened SELL 0.01 @ 4043.07000 ticket=532597666
2025-11-21 12:13:34,028 | INFO | Opened SELL basket @ 4043.07000 vol=0.01
2025-11-21 12:13:34,028 | INFO | [ML ENTRY] SELL p=0.00/1.00
2025-11-21 12:14:00,616 | INFO | Closed position 532597666 @ 4044.86000
2025-11-21 12:14:00,647 | INFO | Closed SELL basket (MARTI_STOP): size=1 vol=0.01 PnL=$-1.43
2025-11-21 12:14:01,885 | INFO | Opened SELL 0.01 @ 4044.61000 ticket=532600136
2025-11-21 12:14:01,890 | INFO | Opened SELL basket @ 4044.61000 vol=0.01
2025-11-21 12:14:01,890 | INFO | [ML ENTRY] SELL p=0.00/1.00
2025-11-21 12:14:58,310 | INFO | Closed position 532600136 @ 4044.99000
2025-11-21 12:14:58,313 | INFO | Closed SELL basket (BE_STOP): size=1 vol=0.01 PnL=$-0.12
2025-11-21 12:14:59,538 | INFO | Opened SELL 0.01 @ 4044.21000 ticket=532603438
2025-11-21 12:14:59,540 | INFO | Opened SELL basket @ 4044.21000 vol=0.01
2025-11-21 12:14:59,540 | INFO | [ML ENTRY] SELL p=0.00/1.00
2025-11-21 12:15:50,920 | INFO | Opened SELL 0.01 @ 4042.08000 ticket=532606783
2025-11-21 12:15:50,923 | INFO | Added SELL @ 4042.08000 vol=0.01 total=0.02
2025-11-21 12:18:07,583 | INFO | Closed position 532603438 @ 4043.57000
2025-11-21 12:18:07,774 | INFO | Closed position 532606783 @ 4043.66000
2025-11-21 12:18:07,776 | INFO | Closed SELL basket (BE_STOP): size=2 vol=0.02 PnL=$-0.13
2025-11-21 12:18:08,999 | INFO | Opened SELL 0.01 @ 4043.12000 ticket=532612342
2025-11-21 12:18:09,001 | INFO | Opened SELL basket @ 4043.12000 vol=0.01
2025-11-21 12:18:09,001 | INFO | [ML ENTRY] SELL p=0.00/1.00
2025-11-21 12:18:45,338 | INFO | Closed position 532612342 @ 4043.68000
2025-11-21 12:18:45,340 | INFO | Closed SELL basket (BE_STOP): size=1 vol=0.01 PnL=$-0.19
2025-11-21 12:18:46,562 | INFO | Opened SELL 0.01 @ 4043.37000 ticket=532613445
2025-11-21 12:18:46,564 | INFO | Opened SELL basket @ 4043.37000 vol=0.01
2025-11-21 12:18:46,564 | INFO | [ML ENTRY] SELL p=0.00/1.00
2025-11-21 12:20:19,424 | INFO | Shutdown requested, leaving MT5 positions open for resume.
2025-11-21 12:20:19,425 | INFO | MT5 shut down
2025-11-21 12:20:32,415 | INFO | MT5 login OK (account 48738521 @ HFMarketsGlobal-Demo)
2025-11-21 12:20:32,416 | INFO | FlippedStrategy init | add=200.00 pips, vol0=0.01, mult=1.10, hard_stop=$0.00, trail=35%
2025-11-21 12:20:33,765 | INFO | Found existing MT5 positions (7, SELL) but inherit_existing_basket is False; leaving untouched.
2025-11-21 12:20:33,766 | INFO | Flipped XU ML bot ready for XAUUSD timeframe=M1
2025-11-21 12:20:33,767 | INFO | Starting main loop poll=1.0s
2025-11-21 12:20:35,551 | INFO | Opened SELL 0.01 @ 4043.98000 ticket=532616703
2025-11-21 12:20:35,551 | INFO | Opened SELL basket @ 4043.98000 vol=0.01
2025-11-21 12:20:35,552 | INFO | [ML ENTRY] SELL p=0.00/1.00
2025-11-21 12:20:43,771 | INFO | Closed position 532616703 @ 4045.81000
2025-11-21 12:20:43,772 | INFO | Closed SELL basket (MARTI_STOP): size=1 vol=0.01 PnL=$-1.44
2025-11-21 12:20:44,993 | INFO | Opened SELL 0.01 @ 4045.36000 ticket=532617290
2025-11-21 12:20:44,995 | INFO | Opened SELL basket @ 4045.36000 vol=0.01
2025-11-21 12:20:44,995 | INFO | [ML ENTRY] SELL p=0.00/1.00
2025-11-21 12:21:03,377 | INFO | Closed position 532617290 @ 4047.33000
2025-11-21 12:21:03,380 | INFO | Closed SELL basket (MARTI_STOP): size=1 vol=0.01 PnL=$-1.55
2025-11-21 12:21:04,602 | INFO | Opened SELL 0.01 @ 4047.12000 ticket=532619646
2025-11-21 12:21:04,604 | INFO | Opened SELL basket @ 4047.12000 vol=0.01
2025-11-21 12:21:04,604 | INFO | [ML ENTRY] SELL p=0.00/1.00
2025-11-21 12:21:22,854 | INFO | Opened SELL 0.01 @ 4045.10000 ticket=532621128
2025-11-21 12:21:22,859 | INFO | Added SELL @ 4045.10000 vol=0.01 total=0.02
2025-11-21 12:21:32,236 | INFO | Closed position 532619646 @ 4046.71000
2025-11-21 12:21:32,427 | INFO | Closed position 532621128 @ 4046.71000
2025-11-21 12:21:32,429 | INFO | Closed SELL basket (BE_STOP): size=2 vol=0.02 PnL=$-0.18
2025-11-21 12:21:33,892 | INFO | Opened SELL 0.01 @ 4046.27000 ticket=532621643
2025-11-21 12:21:33,894 | INFO | Opened SELL basket @ 4046.27000 vol=0.01
2025-11-21 12:21:33,894 | INFO | [ML ENTRY] SELL p=0.00/1.00
2025-11-21 12:22:08,489 | INFO | Shutdown requested, leaving MT5 positions open for resume.
2025-11-21 12:22:08,490 | INFO | MT5 shut down
2025-11-21 12:23:03,217 | INFO | MT5 login OK (account 48738521 @ HFMarketsGlobal-Demo)
2025-11-21 12:23:03,218 | INFO | FlippedStrategy init | add=200.00 pips, vol0=0.01, mult=1.10, hard_stop=$0.00, trail=35%
2025-11-21 12:23:04,574 | INFO | Synced existing MT5 basket: 14 legs SELL (tickets=[532593045, 532595576, 532596771, 532598288, 532599306, 532609779, 532613445, 532617060, 532618031, 532619100, 532621643, 532625881, 532628874, 532628960])
2025-11-21 12:23:04,575 | INFO | Flipped XU ML bot ready for XAUUSD timeframe=M1
2025-11-21 12:23:04,575 | INFO | Starting main loop poll=1.0s
2025-11-21 12:23:09,790 | INFO | Closed position 532593045 @ 4050.16000
2025-11-21 12:23:09,991 | INFO | Closed position 532595576 @ 4050.15000
2025-11-21 12:23:10,182 | INFO | Closed position 532596771 @ 4050.15000
2025-11-21 12:23:10,377 | INFO | Closed position 532598288 @ 4050.15000
2025-11-21 12:23:10,565 | INFO | Closed position 532599306 @ 4050.13000
2025-11-21 12:23:10,756 | INFO | Closed position 532609779 @ 4050.16000
2025-11-21 12:23:10,945 | INFO | Closed position 532613445 @ 4050.16000
2025-11-21 12:23:11,134 | INFO | Closed position 532617060 @ 4050.19000
2025-11-21 12:23:11,323 | INFO | Closed position 532618031 @ 4050.19000
2025-11-21 12:23:11,513 | INFO | Closed position 532619100 @ 4050.19000
2025-11-21 12:23:11,700 | INFO | Closed position 532621643 @ 4050.12000
2025-11-21 12:23:11,889 | INFO | Closed position 532625881 @ 4050.21000
2025-11-21 12:23:12,079 | INFO | Closed position 532628874 @ 4050.21000
2025-11-21 12:23:12,281 | INFO | Closed position 532628960 @ 4050.22000
2025-11-21 12:23:12,289 | INFO | Closed SELL basket (MARTI_STOP): size=14 vol=0.21 PnL=$-86.84
2025-11-21 12:23:15,096 | INFO | Opened BUY 0.01 @ 4050.07000 ticket=532630432
2025-11-21 12:23:15,099 | INFO | Opened BUY basket @ 4050.07000 vol=0.01
2025-11-21 12:23:15,099 | INFO | [ML ENTRY] BUY p=0.00/1.00
2025-11-21 12:24:02,457 | INFO | Closed position 532630432 @ 4048.05000
2025-11-21 12:24:02,458 | INFO | Closed BUY basket (MARTI_STOP): size=1 vol=0.01 PnL=$-1.69
2025-11-21 12:24:03,688 | INFO | Opened BUY 0.01 @ 4048.13000 ticket=532634072
2025-11-21 12:24:03,688 | INFO | Opened BUY basket @ 4048.13000 vol=0.01
2025-11-21 12:24:03,689 | INFO | [ML ENTRY] BUY p=0.00/1.00
2025-11-21 12:24:37,896 | INFO | Shutdown requested, leaving MT5 positions open for resume.
2025-11-21 12:24:37,896 | INFO | MT5 shut down
2025-11-21 12:29:33,276 | INFO | MT5 login OK (account 48738521 @ HFMarketsGlobal-Demo)
2025-11-21 12:29:33,276 | INFO | FlippedStrategy init | add=200.00 pips, vol0=0.01, mult=1.10, hard_stop=$0.00, trail=35%
2025-11-21 12:29:34,536 | INFO | Flipped XU ML bot ready for XAUUSD timeframe=M1
2025-11-21 12:29:34,536 | INFO | Starting main loop poll=1.0s
2025-11-21 12:29:36,323 | INFO | Opened SELL 0.01 @ 4046.12000 ticket=532651391
2025-11-21 12:29:36,328 | INFO | Opened SELL basket @ 4046.12000 vol=0.01
2025-11-21 12:29:36,329 | INFO | [ML ENTRY] SELL p=0.00/1.00
2025-11-21 12:29:41,388 | INFO | Shutdown requested, leaving MT5 positions open for resume.
2025-11-21 12:29:41,389 | INFO | MT5 shut down
2025-11-21 12:29:48,328 | INFO | MT5 login OK (account 48738521 @ HFMarketsGlobal-Demo)
2025-11-21 12:29:48,329 | INFO | FlippedStrategy init | add=200.00 pips, vol0=0.01, mult=1.10, hard_stop=$0.00, trail=35%
2025-11-21 12:29:49,600 | INFO | Synced existing MT5 basket: 1 legs SELL (tickets=[532651391])
2025-11-21 12:29:49,601 | INFO | Flipped XU ML bot ready for XAUUSD timeframe=M1
2025-11-21 12:29:49,601 | INFO | Starting main loop poll=1.0s
2025-11-21 12:30:00,837 | INFO | Opened SELL 0.01 @ 4044.04000 ticket=532652654
2025-11-21 12:30:00,866 | INFO | Added SELL @ 4044.04000 vol=0.01 total=0.02
2025-11-21 12:30:09,085 | INFO | Closed position 532651391 @ 4049.69000
2025-11-21 12:30:09,279 | INFO | Closed position 532652654 @ 4050.30000
2025-11-21 12:30:09,280 | INFO | Closed SELL basket (BE_STOP): size=2 vol=0.02 PnL=$-7.40
2025-11-21 12:30:11,932 | INFO | Opened SELL 0.01 @ 4048.52000 ticket=532654787
2025-11-21 12:30:11,932 | INFO | Opened SELL basket @ 4048.52000 vol=0.01
2025-11-21 12:30:11,946 | INFO | [ML ENTRY] SELL p=0.00/1.00
2025-11-21 12:30:15,157 | INFO | Closed position 532654787 @ 4052.45000
2025-11-21 12:30:15,157 | INFO | Closed SELL basket (MARTI_STOP): size=1 vol=0.01 PnL=$-3.44
2025-11-21 12:30:16,402 | INFO | Opened SELL 0.01 @ 4053.40000 ticket=532655713
2025-11-21 12:30:16,403 | INFO | Opened SELL basket @ 4053.40000 vol=0.01
2025-11-21 12:30:16,403 | INFO | [ML ENTRY] SELL p=0.00/1.00
2025-11-21 12:30:17,614 | INFO | Closed position 532655713 @ 4055.60000
2025-11-21 12:30:17,615 | INFO | Closed SELL basket (MARTI_STOP): size=1 vol=0.01 PnL=$-1.89
2025-11-21 12:30:18,839 | INFO | Opened SELL 0.01 @ 4053.94000 ticket=532657242
2025-11-21 12:30:18,839 | INFO | Opened SELL basket @ 4053.94000 vol=0.01
2025-11-21 12:30:18,840 | INFO | [ML ENTRY] SELL p=0.00/1.00
2025-11-21 12:30:22,051 | INFO | Closed position 532657242 @ 4056.53000
2025-11-21 12:30:22,053 | INFO | Closed SELL basket (MARTI_STOP): size=1 vol=0.01 PnL=$-2.01
2025-11-21 12:30:23,282 | INFO | Opened SELL 0.01 @ 4056.75000 ticket=532658567
2025-11-21 12:30:23,284 | INFO | Opened SELL basket @ 4056.75000 vol=0.01
2025-11-21 12:30:23,284 | INFO | [ML ENTRY] SELL p=0.00/1.00
2025-11-21 12:30:27,487 | INFO | Opened SELL 0.01 @ 4053.92000 ticket=532659274
2025-11-21 12:30:27,489 | INFO | Added SELL @ 4053.92000 vol=0.01 total=0.02
2025-11-21 12:31:00,865 | INFO | Closed position 532658567 @ 4055.93000
2025-11-21 12:31:01,085 | INFO | Closed position 532659274 @ 4055.87000
2025-11-21 12:31:01,113 | INFO | Closed SELL basket (BE_STOP): size=2 vol=0.02 PnL=$-0.47
2025-11-21 12:31:02,345 | INFO | Opened SELL 0.01 @ 4055.67000 ticket=532661934
2025-11-21 12:31:02,346 | INFO | Opened SELL basket @ 4055.67000 vol=0.01
2025-11-21 12:31:02,346 | INFO | [ML ENTRY] SELL p=0.00/1.00
2025-11-21 12:31:09,572 | INFO | Closed position 532661934 @ 4057.65000
2025-11-21 12:31:09,572 | INFO | Closed SELL basket (MARTI_STOP): size=1 vol=0.01 PnL=$-1.47
2025-11-21 12:31:10,793 | INFO | Opened SELL 0.01 @ 4056.78000 ticket=532662961
2025-11-21 12:31:10,794 | INFO | Opened SELL basket @ 4056.78000 vol=0.01
2025-11-21 12:31:10,794 | INFO | [ML ENTRY] SELL p=0.00/1.00
2025-11-21 12:31:17,009 | INFO | Closed position 532662961 @ 4059.13000
2025-11-21 12:31:17,009 | INFO | Closed SELL basket (MARTI_STOP): size=1 vol=0.01 PnL=$-1.99
2025-11-21 12:31:18,236 | INFO | Opened SELL 0.01 @ 4058.72000 ticket=532664221
2025-11-21 12:31:18,237 | INFO | Opened SELL basket @ 4058.72000 vol=0.01
2025-11-21 12:31:18,237 | INFO | [ML ENTRY] SELL p=0.00/1.00
2025-11-21 12:31:26,539 | INFO | Opened SELL 0.01 @ 4056.67000 ticket=532665598
2025-11-21 12:31:26,539 | INFO | Added SELL @ 4056.67000 vol=0.01 total=0.02
2025-11-21 12:31:30,744 | INFO | Closed position 532664221 @ 4059.43000
2025-11-21 12:31:30,934 | INFO | Closed position 532665598 @ 4059.41000
2025-11-21 12:31:30,936 | INFO | Closed SELL basket (MARTI_STOP): size=2 vol=0.02 PnL=$-2.79
2025-11-21 12:31:32,160 | INFO | Opened SELL 0.01 @ 4058.97000 ticket=532666467
2025-11-21 12:31:32,162 | INFO | Opened SELL basket @ 4058.97000 vol=0.01
2025-11-21 12:31:32,162 | INFO | [ML ENTRY] SELL p=0.00/1.00
2025-11-21 12:31:46,408 | INFO | Closed position 532666467 @ 4061.08000
2025-11-21 12:31:46,410 | INFO | Closed SELL basket (MARTI_STOP): size=1 vol=0.01 PnL=$-1.75
2025-11-21 12:31:47,638 | INFO | Opened SELL 0.01 @ 4060.63000 ticket=532668660
2025-11-21 12:31:47,640 | INFO | Opened SELL basket @ 4060.63000 vol=0.01
2025-11-21 12:31:47,641 | INFO | [ML ENTRY] SELL p=0.00/1.00
2025-11-21 12:31:51,523 | INFO | Shutdown requested, leaving MT5 positions open for resume.
2025-11-21 12:31:51,524 | INFO | MT5 shut down
2025-11-21 12:32:05,564 | INFO | MT5 login OK (account 48738521 @ HFMarketsGlobal-Demo)
2025-11-21 12:32:05,564 | INFO | FlippedStrategy init | add=200.00 pips, vol0=0.01, mult=1.10, hard_stop=$0.00, trail=35%
2025-11-21 12:32:06,871 | INFO | Synced existing MT5 basket: 5 legs SELL (tickets=[532661767, 532661832, 532664984, 532665050, 532668660])
2025-11-21 12:32:06,874 | INFO | Flipped XU ML bot ready for XAUUSD timeframe=M1
2025-11-21 12:32:06,875 | INFO | Starting main loop poll=1.0s
2025-11-21 12:32:12,354 | INFO | Closed position 532661767 @ 4061.64000
2025-11-21 12:32:12,544 | INFO | Closed position 532661832 @ 4061.82000
2025-11-21 12:32:12,802 | ERROR | Close failure for ticket 532664984: Close failed for ticket 532664984: OrderSendResult(retcode=10006, deal=0, order=532671463, volume=0.0, price=0.0, bid=0.0, ask=0.0, comment='Request rejected', request_id=1878621442, retcode_external=0, request=TradeRequest(action=1, magic=100111, order=0, symbol='XAUUSD', volume=0.01, price=4061.82, stoplimit=0.0, sl=0.0, tp=0.0, deviation=120, type=0, type_filling=0, type_time=0, expiration=0, comment='close XU_ML_FLIPPED', position=532664984, position_by=0))
2025-11-21 12:32:13,018 | INFO | Closed position 532665050 @ 4063.24000
2025-11-21 12:32:13,234 | INFO | Closed position 532668660 @ 4063.47000
2025-11-21 12:32:13,235 | INFO | Closed SELL basket (BE_STOP): size=5 vol=0.05 PnL=$-18.45
2025-11-21 12:32:16,020 | INFO | Opened SELL 0.01 @ 4062.32000 ticket=532673022
2025-11-21 12:32:16,021 | INFO | Opened SELL basket @ 4062.32000 vol=0.01
2025-11-21 12:32:16,022 | INFO | [ML ENTRY] SELL p=0.00/1.00
2025-11-21 12:32:27,259 | INFO | Opened SELL 0.01 @ 4060.22000 ticket=532673993
2025-11-21 12:32:27,260 | INFO | Added SELL @ 4060.22000 vol=0.01 total=0.02
2025-11-21 12:32:36,480 | INFO | Opened SELL 0.01 @ 4058.09000 ticket=532674694
2025-11-21 12:32:36,482 | INFO | Added SELL @ 4058.09000 vol=0.01 total=0.03
2025-11-21 12:33:18,828 | INFO | Closed position 532673022 @ 4058.36000
2025-11-21 12:33:19,017 | INFO | Closed position 532673993 @ 4058.37000
2025-11-21 12:33:19,206 | INFO | Closed position 532674694 @ 4058.34000
2025-11-21 12:33:19,207 | INFO | Closed SELL basket (TRAIL_GIVEBACK): size=3 vol=0.03 PnL=$6.63
2025-11-21 12:33:20,433 | INFO | Opened SELL 0.01 @ 4057.32000 ticket=532677791
2025-11-21 12:33:20,434 | INFO | Opened SELL basket @ 4057.32000 vol=0.01
2025-11-21 12:33:20,434 | INFO | [ML ENTRY] SELL p=0.00/1.00
2025-11-21 12:33:42,425 | INFO | Shutdown requested, leaving MT5 positions open for resume.
2025-11-21 12:33:42,426 | INFO | MT5 shut down
2025-11-21 12:33:51,024 | INFO | MT5 login OK (account 48738521 @ HFMarketsGlobal-Demo)
2025-11-21 12:33:51,025 | INFO | FlippedStrategy init | add=200.00 pips, vol0=0.01, mult=1.10, hard_stop=$0.00, trail=35%
2025-11-21 12:33:52,344 | INFO | Synced existing MT5 basket: 1 legs SELL (tickets=[532677791])
2025-11-21 12:33:52,345 | INFO | Flipped XU ML bot ready for XAUUSD timeframe=M1
2025-11-21 12:33:52,345 | INFO | Starting main loop poll=1.0s
2025-11-21 12:34:16,739 | INFO | Closed position 532677791 @ 4058.15000
2025-11-21 12:34:16,740 | INFO | Closed SELL basket (BE_STOP): size=1 vol=0.01 PnL=$-0.17
2025-11-21 12:34:19,552 | INFO | Opened SELL 0.01 @ 4057.47000 ticket=532680966
2025-11-21 12:34:19,553 | INFO | Opened SELL basket @ 4057.47000 vol=0.01
2025-11-21 12:34:19,553 | INFO | [ML ENTRY] SELL p=0.00/1.00
2025-11-21 12:34:41,815 | INFO | Opened SELL 0.01 @ 4055.45000 ticket=532681896
2025-11-21 12:34:41,817 | INFO | Added SELL @ 4055.45000 vol=0.01 total=0.02
2025-11-21 12:35:06,085 | INFO | Closed position 532680966 @ 4056.97000
2025-11-21 12:35:06,281 | INFO | Closed position 532681896 @ 4056.98000
2025-11-21 12:35:06,283 | INFO | Closed SELL basket (BE_STOP): size=2 vol=0.02 PnL=$-0.30
2025-11-21 12:35:07,503 | INFO | Opened SELL 0.01 @ 4057.03000 ticket=532683276
2025-11-21 12:35:07,505 | INFO | Opened SELL basket @ 4057.03000 vol=0.01
2025-11-21 12:35:07,505 | INFO | [ML ENTRY] SELL p=0.00/1.00
2025-11-21 12:35:19,736 | INFO | Closed position 532683276 @ 4058.91000
2025-11-21 12:35:19,737 | INFO | Closed SELL basket (MARTI_STOP): size=1 vol=0.01 PnL=$-1.48
2025-11-21 12:35:20,956 | INFO | Opened SELL 0.01 @ 4058.81000 ticket=532684259
2025-11-21 12:35:20,956 | INFO | Opened SELL basket @ 4058.81000 vol=0.01
2025-11-21 12:35:20,957 | INFO | [ML ENTRY] SELL p=0.00/1.00
2025-11-21 12:35:45,316 | INFO | Closed position 532684259 @ 4059.79000
2025-11-21 12:35:45,318 | INFO | Closed SELL basket (BE_STOP): size=1 vol=0.01 PnL=$-0.49
2025-11-21 12:35:46,542 | INFO | Opened SELL 0.01 @ 4058.98000 ticket=532685637
2025-11-21 12:35:46,544 | INFO | Opened SELL basket @ 4058.98000 vol=0.01
2025-11-21 12:35:46,545 | INFO | [ML ENTRY] SELL p=0.00/1.00
2025-11-21 12:35:48,739 | INFO | Closed position 532685637 @ 4060.82000
2025-11-21 12:35:48,741 | INFO | Closed SELL basket (MARTI_STOP): size=1 vol=0.01 PnL=$-1.45
2025-11-21 12:35:49,966 | INFO | Opened SELL 0.01 @ 4060.20000 ticket=532685848
2025-11-21 12:35:49,968 | INFO | Opened SELL basket @ 4060.20000 vol=0.01
2025-11-21 12:35:49,968 | INFO | [ML ENTRY] SELL p=0.00/1.00
2025-11-21 12:36:08,227 | INFO | Opened SELL 0.01 @ 4058.22000 ticket=532687233
2025-11-21 12:36:08,227 | INFO | Added SELL @ 4058.22000 vol=0.01 total=0.02
2025-11-21 12:36:28,498 | INFO | Opened SELL 0.01 @ 4055.96000 ticket=532688748
2025-11-21 12:36:28,500 | INFO | Added SELL @ 4055.96000 vol=0.01 total=0.03
2025-11-21 12:36:47,773 | INFO | Closed position 532685848 @ 4058.88000
2025-11-21 12:36:47,967 | INFO | Closed position 532687233 @ 4058.88000
2025-11-21 12:36:48,157 | INFO | Closed position 532688748 @ 4058.81000
2025-11-21 12:36:48,159 | INFO | Closed SELL basket (BE_STOP): size=3 vol=0.03 PnL=$-1.12
2025-11-21 12:36:49,384 | INFO | Opened SELL 0.01 @ 4058.07000 ticket=532690089
2025-11-21 12:36:49,387 | INFO | Opened SELL basket @ 4058.07000 vol=0.01
2025-11-21 12:36:49,387 | INFO | [ML ENTRY] SELL p=0.00/1.00
2025-11-21 12:37:50,856 | INFO | Closed position 532690089 @ 4059.61000
2025-11-21 12:37:50,861 | INFO | Closed SELL basket (BE_STOP): size=1 vol=0.01 PnL=$-0.44
2025-11-21 12:37:52,091 | INFO | Opened SELL 0.01 @ 4058.66000 ticket=532693202
2025-11-21 12:37:52,093 | INFO | Opened SELL basket @ 4058.66000 vol=0.01
2025-11-21 12:37:52,094 | INFO | [ML ENTRY] SELL p=0.00/1.00
2025-11-21 12:38:27,526 | INFO | Closed position 532693202 @ 4060.66000
2025-11-21 12:38:27,529 | INFO | Closed SELL basket (MARTI_STOP): size=1 vol=0.01 PnL=$-1.64
2025-11-21 12:38:28,756 | INFO | Opened SELL 0.01 @ 4060.04000 ticket=532695474
2025-11-21 12:38:28,758 | INFO | Opened SELL basket @ 4060.04000 vol=0.01
2025-11-21 12:38:28,758 | INFO | [ML ENTRY] SELL p=0.00/1.00
2025-11-21 12:38:44,043 | INFO | Closed position 532695474 @ 4061.93000
2025-11-21 12:38:44,045 | INFO | Closed SELL basket (MARTI_STOP): size=1 vol=0.01 PnL=$-1.45
2025-11-21 12:38:45,292 | INFO | Opened SELL 0.01 @ 4062.07000 ticket=532696801
2025-11-21 12:38:45,295 | INFO | Opened SELL basket @ 4062.07000 vol=0.01
2025-11-21 12:38:45,299 | INFO | [ML ENTRY] SELL p=0.00/1.00
2025-11-21 12:39:05,556 | INFO | Opened SELL 0.01 @ 4059.57000 ticket=532698497
2025-11-21 12:39:05,558 | INFO | Added SELL @ 4059.57000 vol=0.01 total=0.02
2025-11-21 12:39:13,784 | INFO | Closed position 532696801 @ 4061.52000
2025-11-21 12:39:13,975 | INFO | Closed position 532698497 @ 4061.64000
2025-11-21 12:39:13,977 | INFO | Closed SELL basket (BE_STOP): size=2 vol=0.02 PnL=$-0.66
2025-11-21 12:39:15,210 | INFO | Opened SELL 0.01 @ 4061.53000 ticket=532698852
2025-11-21 12:39:15,211 | INFO | Opened SELL basket @ 4061.53000 vol=0.01
2025-11-21 12:39:15,212 | INFO | [ML ENTRY] SELL p=0.00/1.00
2025-11-21 12:39:28,411 | INFO | Shutdown requested, leaving MT5 positions open for resume.
2025-11-21 12:39:28,412 | INFO | MT5 shut down
2025-11-21 12:40:03,590 | INFO | MT5 login OK (account 48738521 @ HFMarketsGlobal-Demo)
2025-11-21 12:40:03,591 | INFO | FlippedStrategy init | add=200.00 pips, vol0=0.01, mult=1.10, hard_stop=$0.00, trail=35%
2025-11-21 12:40:04,953 | INFO | Synced existing MT5 basket: 8 legs SELL (tickets=[532679744, 532684367, 532693817, 532693916, 532696479, 532698852, 532699235, 532701517])
2025-11-21 12:40:04,954 | INFO | Flipped XU ML bot ready for XAUUSD timeframe=M1
2025-11-21 12:40:04,954 | INFO | Starting main loop poll=1.0s
2025-11-21 12:40:10,177 | INFO | Closed position 532679744 @ 4062.46000
2025-11-21 12:40:10,366 | INFO | Closed position 532684367 @ 4062.15000
2025-11-21 12:40:10,558 | INFO | Closed position 532693817 @ 4062.04000
2025-11-21 12:40:10,747 | INFO | Closed position 532693916 @ 4062.07000
2025-11-21 12:40:10,939 | INFO | Closed position 532696479 @ 4062.12000
2025-11-21 12:40:11,128 | INFO | Closed position 532698852 @ 4062.17000
2025-11-21 12:40:11,320 | INFO | Closed position 532699235 @ 4062.17000
2025-11-21 12:40:11,510 | INFO | Closed position 532701517 @ 4062.16000
2025-11-21 12:40:11,511 | INFO | Closed SELL basket (BE_STOP): size=8 vol=0.09 PnL=$-16.53
2025-11-21 12:40:14,350 | INFO | Opened BUY 0.01 @ 4061.70000 ticket=532702547
2025-11-21 12:40:14,352 | INFO | Opened BUY basket @ 4061.70000 vol=0.01
2025-11-21 12:40:14,352 | INFO | [ML ENTRY] BUY p=0.00/1.00
2025-11-21 12:41:14,753 | INFO | Closed position 532702547 @ 4059.89000
2025-11-21 12:41:14,755 | INFO | Closed BUY basket (MARTI_STOP): size=1 vol=0.01 PnL=$-1.46
2025-11-21 12:41:15,983 | INFO | Opened BUY 0.01 @ 4060.03000 ticket=532705459
2025-11-21 12:41:15,985 | INFO | Opened BUY basket @ 4060.03000 vol=0.01
2025-11-21 12:41:15,985 | INFO | [ML ENTRY] BUY p=0.00/1.00
2025-11-21 12:41:23,308 | INFO | Shutdown requested, leaving MT5 positions open for resume.
2025-11-21 12:41:23,309 | INFO | MT5 shut down
